Added Component: Designator=3(HLK)
Added Component: Designator=34(R0805)
Added Component: Designator=35(R0805)
Added Component: Designator=43(R0805)
Added Component: Designator=89(RJ45_B)
Added Component: Designator=C32(Cap0805)
Added Component: Designator=C93(Cap0805)
Added Component: Designator=C94(Cap0805)
Added Component: Designator=POS2(R0805)
Added Component: Designator=POS3(R0805)
Added Component: Designator=POS(R0805)
Added Component: Designator=POSWW(R0805)
Added Component: Designator=PO(R0805)
Added Pin To Net: NetName=3.3V Pin=3-4
Added Pin To Net: NetName=3.3V Pin=35-1
Added Pin To Net: NetName=3.3V Pin=POSWW-1
Added Net: Name=3.3V
Added Pin To Net: NetName=GND Pin=3-2
Added Pin To Net: NetName=GND Pin=34-1
Added Pin To Net: NetName=GND Pin=43-1
Added Pin To Net: NetName=GND Pin=C32-1
Added Net: Name=GND
Added Pin To Net: NetName=LED_GW Pin=3-23
Added Pin To Net: NetName=LED_GW Pin=89-13
Added Net: Name=LED_GW
Added Pin To Net: NetName=LED_YW Pin=3-5
Added Pin To Net: NetName=LED_YW Pin=89-11
Added Net: Name=LED_YW
Added Pin To Net: NetName=Net3_25 Pin=3-25
Added Pin To Net: NetName=Net3_25 Pin=POSWW-2
Added Net: Name=Net3_25
Added Pin To Net: NetName=Net34_2 Pin=34-2
Added Pin To Net: NetName=Net34_2 Pin=89-14
Added Net: Name=Net34_2
Added Pin To Net: NetName=Net43_2 Pin=43-2
Added Pin To Net: NetName=Net43_2 Pin=89-12
Added Net: Name=Net43_2
Added Pin To Net: NetName=NetC93_1 Pin=C93-1
Added Pin To Net: NetName=NetC93_1 Pin=C94-1
Added Net: Name=NetC93_1
Added Pin To Net: NetName=NetC93_2 Pin=C93-2
Added Pin To Net: NetName=NetC93_2 Pin=PO-1
Added Pin To Net: NetName=NetC93_2 Pin=POS-1
Added Net: Name=NetC93_2
Added Pin To Net: NetName=NetC94_2 Pin=C94-2
Added Pin To Net: NetName=NetC94_2 Pin=POS2-1
Added Pin To Net: NetName=NetC94_2 Pin=POS3-1
Added Net: Name=NetC94_2
Added Pin To Net: NetName=RD+ Pin=3-13
Added Pin To Net: NetName=RD+ Pin=89-4
Added Pin To Net: NetName=RD+ Pin=POS3-2
Added Net: Name=RD+
Added Pin To Net: NetName=RD- Pin=3-14
Added Pin To Net: NetName=RD- Pin=89-6
Added Pin To Net: NetName=RD- Pin=POS2-2
Added Net: Name=RD-
Added Pin To Net: NetName=TD+ Pin=3-18
Added Pin To Net: NetName=TD+ Pin=89-1
Added Pin To Net: NetName=TD+ Pin=PO-2
Added Net: Name=TD+
Added Pin To Net: NetName=TD- Pin=3-17
Added Pin To Net: NetName=TD- Pin=89-3
Added Pin To Net: NetName=TD- Pin=POS-2
Added Net: Name=TD-
Added Pin To Net: NetName=VCC-1.8V Pin=3-27
Added Pin To Net: NetName=VCC-1.8V Pin=89-2
Added Pin To Net: NetName=VCC-1.8V Pin=89-5
Added Net: Name=VCC-1.8V
Added Pin To Net: NetName=VCC Pin=3-1
Added Pin To Net: NetName=VCC Pin=3-28
Added Pin To Net: NetName=VCC Pin=C32-2
Added Net: Name=VCC
Added Pin To Net: NetName=W_RST Pin=3-10
Added Pin To Net: NetName=W_RST Pin=35-2
Added Net: Name=W_RST
Added Pin To Net: NetName=W_RX Pin=3-20
Added Net: Name=W_RX
Added Pin To Net: NetName=W_TX Pin=3-21
Added Net: Name=W_TX
Added Pin To Net: NetName=WLANLED Pin=3-3
Added Net: Name=WLANLED
Added Class: Name=HLK
Added Room: Name=HLK
