Removed Pin From Net: NetName=VS Pin=DM1-4
Removed Pin From Net: NetName=GND Pin=DM1-8
Removed Pin From Net: NetName=VCC Pin=DM1-9
Removed Member From Class: ClassName=MiniToyRobot Member=DM1
Removed Member From Class: ClassName=MiniToyRobot Member=E1
Removed Member From Class: ClassName=MiniToyRobot Member=M2
Change Component Designator: OldDesignator=D1 NewDesignator=D0
Added Component: Designator=*(Programmer)
Added Component: Designator=3(HLK)
Added Component: Designator=34(R0805)
Added Component: Designator=35(R0805)
Added Component: Designator=43(R0805)
Added Component: Designator=89(RJ45_B)
Added Component: Designator=BUZ(Buzzer)
Added Component: Designator=C4(Cap0805)
Added Component: Designator=C5(Cap0805)
Added Component: Designator=C6(Cap0805)
Added Component: Designator=C7(Cap0805)
Added Component: Designator=C31(Cap0805)
Added Component: Designator=C32(Cap0805)
Added Component: Designator=C33(Cap0805)
Added Component: Designator=C34(Cap0805)
Added Component: Designator=C93(Cap0805)
Added Component: Designator=C94(Cap0805)
Added Component: Designator=D1(Diod-1A-SMD)
Added Component: Designator=D2(Diod-1A-SMD)
Added Component: Designator=D3(Diod-1A-SMD)
Added Component: Designator=D4(Diod-1A-SMD)
Added Component: Designator=D5(Diod-1A-SMD)
Added Component: Designator=D6(Diod-1A-SMD)
Added Component: Designator=D7(Diod-1A-SMD)
Added Component: Designator=D8(Diod-1A-SMD)
Added Component: Designator=D9(Diod-1A-SMD)
Added Component: Designator=D10(Diod-1A-SMD)
Added Component: Designator=D11(Diod-1A-SMD)
Added Component: Designator=D12(Diod-1A-SMD)
Added Component: Designator=D13(Diod-1A-SMD)
Added Component: Designator=D14(Diod-1A-SMD)
Added Component: Designator=D15(Diod-1A-SMD)
Added Component: Designator=D16(Diod-1A-SMD)
Added Component: Designator=DM3(L298)
Added Component: Designator=DS6(LED_SMD0805RED)
Added Component: Designator=DS7(LED_SMD0805RED)
Added Component: Designator=fdcg3(Jumper)
Added Component: Designator=I2(1206)
Added Component: Designator=POS2(R0805)
Added Component: Designator=POS3(R0805)
Added Component: Designator=POS(R0805)
Added Component: Designator=POSWW(R0805)
Added Component: Designator=PO(R0805)
Added Component: Designator=R42(R0805)
Added Component: Designator=R55(R0805)
Added Component: Designator=R56(R0805)
Added Component: Designator=Sc1(Screw)
Added Component: Designator=Sc2(Screw)
Added Component: Designator=Sc3(Screw)
Added Component: Designator=Sc4(Screw)
Added Component: Designator=Y2(Crystal)
Added Pin To Net: NetName=GND Pin=*-6
Added Pin To Net: NetName=VCC Pin=3-1
Added Pin To Net: NetName=GND Pin=3-2
Added Pin To Net: NetName=VCC Pin=3-28
Added Pin To Net: NetName=GND Pin=34-1
Added Pin To Net: NetName=GND Pin=43-1
Added Pin To Net: NetName=VCC Pin=BUZ-1
Added Pin To Net: NetName=VS Pin=C4-2
Added Pin To Net: NetName=VCC Pin=C5-1
Added Pin To Net: NetName=VS Pin=C6-2
Added Pin To Net: NetName=VCC Pin=C7-1
Added Pin To Net: NetName=GND Pin=C31-1
Added Pin To Net: NetName=GND Pin=C32-1
Added Pin To Net: NetName=VCC Pin=C32-2
Added Pin To Net: NetName=GND Pin=C33-1
Added Pin To Net: NetName=GND Pin=C34-1
Added Pin To Net: NetName=VS Pin=D1-K
Added Pin To Net: NetName=VS Pin=D3-K
Added Pin To Net: NetName=VS Pin=D5-K
Added Pin To Net: NetName=VS Pin=D7-K
Added Pin To Net: NetName=VS Pin=D9-K
Added Pin To Net: NetName=VS Pin=D11-K
Added Pin To Net: NetName=VS Pin=D13-K
Added Pin To Net: NetName=VS Pin=D15-K
Added Pin To Net: NetName=GND Pin=DM2-1
Added Pin To Net: NetName=GND Pin=DM2-15
Added Pin To Net: NetName=GND Pin=DM3-1
Added Pin To Net: NetName=VS Pin=DM3-4
Added Pin To Net: NetName=GND Pin=DM3-8
Added Pin To Net: NetName=VCC Pin=DM3-9
Added Pin To Net: NetName=GND Pin=DM3-15
Added Pin To Net: NetName=GND Pin=DS6-K
Added Pin To Net: NetName=GND Pin=DS7-K
Added Pin To Net: NetName=GND Pin=fdcg3-1
Added Pin To Net: NetName=VCC Pin=I2-2
Added Pin To Net: NetName=VCC Pin=M3-21
Added Pin To Net: NetName=GND Pin=M3-22
Added Pin To Net: NetName=VCC Pin=M3-52
Added Pin To Net: NetName=GND Pin=M3-53
Added Pin To Net: NetName=GND Pin=M3-63
Added Pin To Net: NetName=VCC Pin=R42-2
Change Net Name : Old Net Name=NetD1_K New Net Name=NetD0_K
Added Pin To Net: NetName=3.3V Pin=3-4
Added Pin To Net: NetName=3.3V Pin=35-1
Added Pin To Net: NetName=3.3V Pin=POSWW-1
Added Net: Name=3.3V
Added Pin To Net: NetName=BUZZ Pin=BUZ-2
Added Net: Name=BUZZ
Added Pin To Net: NetName=EN1M1 Pin=DM2-6
Added Net: Name=EN1M1
Added Pin To Net: NetName=EN1M2 Pin=DM3-6
Added Net: Name=EN1M2
Added Pin To Net: NetName=EN12M1 Pin=DM2-11
Added Pin To Net: NetName=EN12M1 Pin=DM3-11
Added Net: Name=EN12M1
Added Pin To Net: NetName=IN1M1 Pin=DM2-5
Added Net: Name=IN1M1
Added Pin To Net: NetName=IN1M2 Pin=DM3-5
Added Net: Name=IN1M2
Added Pin To Net: NetName=IN2M1 Pin=DM2-7
Added Net: Name=IN2M1
Added Pin To Net: NetName=IN2M2 Pin=DM3-7
Added Net: Name=IN2M2
Added Pin To Net: NetName=IN3M1 Pin=DM2-10
Added Net: Name=IN3M1
Added Pin To Net: NetName=IN3M2 Pin=DM3-10
Added Net: Name=IN3M2
Added Pin To Net: NetName=IN4M1 Pin=DM2-12
Added Net: Name=IN4M1
Added Pin To Net: NetName=IN4M2 Pin=DM3-12
Added Net: Name=IN4M2
Added Pin To Net: NetName=LED1 Pin=R56-2
Added Net: Name=LED1
Added Pin To Net: NetName=LED2 Pin=R55-2
Added Net: Name=LED2
Added Pin To Net: NetName=LED_GW Pin=3-23
Added Pin To Net: NetName=LED_GW Pin=89-13
Added Net: Name=LED_GW
Added Pin To Net: NetName=LED_YW Pin=3-5
Added Pin To Net: NetName=LED_YW Pin=89-11
Added Net: Name=LED_YW
Added Pin To Net: NetName=MISO Pin=*-2
Added Net: Name=MISO
Added Pin To Net: NetName=MOSI Pin=*-1
Added Net: Name=MOSI
Added Pin To Net: NetName=Net3_25 Pin=3-25
Added Pin To Net: NetName=Net3_25 Pin=POSWW-2
Added Net: Name=Net3_25
Added Pin To Net: NetName=Net34_2 Pin=34-2
Added Pin To Net: NetName=Net34_2 Pin=89-14
Added Net: Name=Net34_2
Added Pin To Net: NetName=Net43_2 Pin=43-2
Added Pin To Net: NetName=Net43_2 Pin=89-12
Added Net: Name=Net43_2
Added Pin To Net: NetName=NetC4_1 Pin=C4-1
Added Pin To Net: NetName=NetC4_1 Pin=C5-2
Added Net: Name=NetC4_1
Added Pin To Net: NetName=NetC6_1 Pin=C6-1
Added Pin To Net: NetName=NetC6_1 Pin=C7-2
Added Net: Name=NetC6_1
Added Pin To Net: NetName=NetC31_2 Pin=C31-2
Added Pin To Net: NetName=NetC31_2 Pin=I2-1
Added Pin To Net: NetName=NetC31_2 Pin=M3-64
Added Net: Name=NetC31_2
Added Pin To Net: NetName=NetC33_2 Pin=C33-2
Added Pin To Net: NetName=NetC33_2 Pin=M3-23
Added Pin To Net: NetName=NetC33_2 Pin=Y2-2
Added Net: Name=NetC33_2
Added Pin To Net: NetName=NetC34_2 Pin=C34-2
Added Pin To Net: NetName=NetC34_2 Pin=M3-24
Added Pin To Net: NetName=NetC34_2 Pin=Y2-1
Added Net: Name=NetC34_2
Added Pin To Net: NetName=NetC93_1 Pin=C93-1
Added Pin To Net: NetName=NetC93_1 Pin=C94-1
Added Net: Name=NetC93_1
Added Pin To Net: NetName=NetC93_2 Pin=C93-2
Added Pin To Net: NetName=NetC93_2 Pin=PO-1
Added Pin To Net: NetName=NetC93_2 Pin=POS-1
Added Net: Name=NetC93_2
Added Pin To Net: NetName=NetC94_2 Pin=C94-2
Added Pin To Net: NetName=NetC94_2 Pin=POS2-1
Added Pin To Net: NetName=NetC94_2 Pin=POS3-1
Added Net: Name=NetC94_2
Added Pin To Net: NetName=NetD2_A Pin=D2-A
Added Pin To Net: NetName=NetD2_A Pin=D4-A
Added Net: Name=NetD2_A
Added Pin To Net: NetName=NetD6_A Pin=D6-A
Added Pin To Net: NetName=NetD6_A Pin=D8-A
Added Net: Name=NetD6_A
Added Pin To Net: NetName=NetD10_A Pin=D10-A
Added Pin To Net: NetName=NetD10_A Pin=D12-A
Added Net: Name=NetD10_A
Added Pin To Net: NetName=NetD14_A Pin=D14-A
Added Pin To Net: NetName=NetD14_A Pin=D16-A
Added Net: Name=NetD14_A
Added Pin To Net: NetName=NetDS6_A Pin=DS6-A
Added Pin To Net: NetName=NetDS6_A Pin=R55-1
Added Net: Name=NetDS6_A
Added Pin To Net: NetName=NetDS7_A Pin=DS7-A
Added Pin To Net: NetName=NetDS7_A Pin=R56-1
Added Net: Name=NetDS7_A
Added Pin To Net: NetName=OUT1-1 Pin=D1-A
Added Pin To Net: NetName=OUT1-1 Pin=D2-K
Added Pin To Net: NetName=OUT1-1 Pin=DM2-2
Added Net: Name=OUT1-1
Added Pin To Net: NetName=OUT1-2 Pin=D9-A
Added Pin To Net: NetName=OUT1-2 Pin=D10-K
Added Pin To Net: NetName=OUT1-2 Pin=DM3-2
Added Net: Name=OUT1-2
Added Pin To Net: NetName=OUT2-1 Pin=D3-A
Added Pin To Net: NetName=OUT2-1 Pin=D4-K
Added Pin To Net: NetName=OUT2-1 Pin=DM2-3
Added Net: Name=OUT2-1
Added Pin To Net: NetName=OUT2-2 Pin=D11-A
Added Pin To Net: NetName=OUT2-2 Pin=D12-K
Added Pin To Net: NetName=OUT2-2 Pin=DM3-3
Added Net: Name=OUT2-2
Added Pin To Net: NetName=OUT3-1 Pin=D5-A
Added Pin To Net: NetName=OUT3-1 Pin=D6-K
Added Pin To Net: NetName=OUT3-1 Pin=DM2-13
Added Net: Name=OUT3-1
Added Pin To Net: NetName=OUT3-2 Pin=D13-A
Added Pin To Net: NetName=OUT3-2 Pin=D14-K
Added Pin To Net: NetName=OUT3-2 Pin=DM3-13
Added Net: Name=OUT3-2
Added Pin To Net: NetName=OUT4-1 Pin=D7-A
Added Pin To Net: NetName=OUT4-1 Pin=D8-K
Added Pin To Net: NetName=OUT4-1 Pin=DM2-14
Added Net: Name=OUT4-1
Added Pin To Net: NetName=OUT4-2 Pin=D15-A
Added Pin To Net: NetName=OUT4-2 Pin=D16-K
Added Pin To Net: NetName=OUT4-2 Pin=DM3-14
Added Net: Name=OUT4-2
Added Pin To Net: NetName=RD+ Pin=3-13
Added Pin To Net: NetName=RD+ Pin=89-4
Added Pin To Net: NetName=RD+ Pin=POS3-2
Added Net: Name=RD+
Added Pin To Net: NetName=RD- Pin=3-14
Added Pin To Net: NetName=RD- Pin=89-6
Added Pin To Net: NetName=RD- Pin=POS2-2
Added Net: Name=RD-
Added Pin To Net: NetName=RST Pin=*-4
Added Pin To Net: NetName=RST Pin=fdcg3-2
Added Pin To Net: NetName=RST Pin=M3-20
Added Pin To Net: NetName=RST Pin=R42-1
Added Net: Name=RST
Added Pin To Net: NetName=SCK Pin=*-3
Added Net: Name=SCK
Added Pin To Net: NetName=TD+ Pin=3-18
Added Pin To Net: NetName=TD+ Pin=89-1
Added Pin To Net: NetName=TD+ Pin=PO-2
Added Net: Name=TD+
Added Pin To Net: NetName=TD- Pin=3-17
Added Pin To Net: NetName=TD- Pin=89-3
Added Pin To Net: NetName=TD- Pin=POS-2
Added Net: Name=TD-
Added Pin To Net: NetName=VCC-1.8V Pin=3-27
Added Pin To Net: NetName=VCC-1.8V Pin=89-2
Added Pin To Net: NetName=VCC-1.8V Pin=89-5
Added Net: Name=VCC-1.8V
Added Pin To Net: NetName=W_RST Pin=3-10
Added Pin To Net: NetName=W_RST Pin=35-2
Added Net: Name=W_RST
Added Pin To Net: NetName=W_RX Pin=3-20
Added Net: Name=W_RX
Added Pin To Net: NetName=W_TX Pin=3-21
Added Net: Name=W_TX
Added Pin To Net: NetName=WLANLED Pin=3-3
Added Net: Name=WLANLED
Added Member To Class: ClassName=MiniToyRobot Member=Component * Programmer
Added Member To Class: ClassName=MiniToyRobot Member=Component 3 HLK_WifiModule
Added Member To Class: ClassName=MiniToyRobot Member=Component 34 330
Added Member To Class: ClassName=MiniToyRobot Member=Component 35 330R
Added Member To Class: ClassName=MiniToyRobot Member=Component 43 330
Added Member To Class: ClassName=MiniToyRobot Member=Component 89 RJ45_B
Added Member To Class: ClassName=MiniToyRobot Member=Component BUZ Buzzer
Added Member To Class: ClassName=MiniToyRobot Member=Component C4 1nf
Added Member To Class: ClassName=MiniToyRobot Member=Component C5 1nf
Added Member To Class: ClassName=MiniToyRobot Member=Component C6 1nf
Added Member To Class: ClassName=MiniToyRobot Member=Component C7 1nf
Added Member To Class: ClassName=MiniToyRobot Member=Component C31 100NF
Added Member To Class: ClassName=MiniToyRobot Member=Component C32 100NF
Added Member To Class: ClassName=MiniToyRobot Member=Component C33 27pf
Added Member To Class: ClassName=MiniToyRobot Member=Component C34 27pf
Added Member To Class: ClassName=MiniToyRobot Member=Component C93 100nf
Added Member To Class: ClassName=MiniToyRobot Member=Component C94 100nf
Added Member To Class: ClassName=MiniToyRobot Member=Component D1 SS14
Added Member To Class: ClassName=MiniToyRobot Member=Component D2 SS14
Added Member To Class: ClassName=MiniToyRobot Member=Component D3 SS14
Added Member To Class: ClassName=MiniToyRobot Member=Component D4 SS14
Added Member To Class: ClassName=MiniToyRobot Member=Component D5 SS14
Added Member To Class: ClassName=MiniToyRobot Member=Component D6 SS14
Added Member To Class: ClassName=MiniToyRobot Member=Component D7 SS14
Added Member To Class: ClassName=MiniToyRobot Member=Component D8 SS14
Added Member To Class: ClassName=MiniToyRobot Member=Component D9 SS14
Added Member To Class: ClassName=MiniToyRobot Member=Component D10 SS14
Added Member To Class: ClassName=MiniToyRobot Member=Component D11 SS14
Added Member To Class: ClassName=MiniToyRobot Member=Component D12 SS14
Added Member To Class: ClassName=MiniToyRobot Member=Component D13 SS14
Added Member To Class: ClassName=MiniToyRobot Member=Component D14 SS14
Added Member To Class: ClassName=MiniToyRobot Member=Component D15 SS14
Added Member To Class: ClassName=MiniToyRobot Member=Component D16 SS14
Added Member To Class: ClassName=MiniToyRobot Member=Component DM3 L298
Added Member To Class: ClassName=MiniToyRobot Member=Component DS6 LED1
Added Member To Class: ClassName=MiniToyRobot Member=Component DS7 LED1
Added Member To Class: ClassName=MiniToyRobot Member=Component fdcg3 Jumper
Added Member To Class: ClassName=MiniToyRobot Member=Component I2 Indicator10uH
Added Member To Class: ClassName=MiniToyRobot Member=Component POS2 51
Added Member To Class: ClassName=MiniToyRobot Member=Component POS3 51
Added Member To Class: ClassName=MiniToyRobot Member=Component POS 51
Added Member To Class: ClassName=MiniToyRobot Member=Component POSWW 1K
Added Member To Class: ClassName=MiniToyRobot Member=Component PO 51
Added Member To Class: ClassName=MiniToyRobot Member=Component R42 8.2K
Added Member To Class: ClassName=MiniToyRobot Member=Component R55 Res 0805
Added Member To Class: ClassName=MiniToyRobot Member=Component R56 Res 0805
Added Member To Class: ClassName=MiniToyRobot Member=Component Sc1 Screw
Added Member To Class: ClassName=MiniToyRobot Member=Component Sc2 Screw
Added Member To Class: ClassName=MiniToyRobot Member=Component Sc3 Screw
Added Member To Class: ClassName=MiniToyRobot Member=Component Sc4 Screw
Added Member To Class: ClassName=MiniToyRobot Member=Component Y2 Xtal
