Removed Pin From Net: NetName=NetBathSh_4 Pin=Fuse-1
Removed Pin From Net: NetName=NetBathSh_2 Pin=Fuse-2
Removed Pin From Net: NetName=NetBathSh_2 Pin=Sw-1
Added Component: Designator=3(HLK)
Added Component: Designator=89(RJ45_B)
Added Pin To Net: NetName=VCC Pin=3-1
Added Pin To Net: NetName=GND Pin=3-2
Added Pin To Net: NetName=WLANLED Pin=3-3
Added Pin To Net: NetName=3.3V Pin=3-4
Added Pin To Net: NetName=LED_YW Pin=3-5
Added Pin To Net: NetName=W_RST Pin=3-10
Added Pin To Net: NetName=RD+ Pin=3-13
Added Pin To Net: NetName=RD- Pin=3-14
Added Pin To Net: NetName=TD- Pin=3-17
Added Pin To Net: NetName=TD+ Pin=3-18
Added Pin To Net: NetName=W_RX Pin=3-20
Added Pin To Net: NetName=W_TX Pin=3-21
Added Pin To Net: NetName=LED_GW Pin=3-23
Added Pin To Net: NetName=Net3_25 Pin=3-25
Added Pin To Net: NetName=VCC-1.8V Pin=3-27
Added Pin To Net: NetName=VCC Pin=3-28
Added Pin To Net: NetName=TD+ Pin=89-1
Added Pin To Net: NetName=VCC-1.8V Pin=89-2
Added Pin To Net: NetName=TD- Pin=89-3
Added Pin To Net: NetName=RD+ Pin=89-4
Added Pin To Net: NetName=VCC-1.8V Pin=89-5
Added Pin To Net: NetName=RD- Pin=89-6
Added Pin To Net: NetName=LED_YW Pin=89-11
Added Pin To Net: NetName=Net43_2 Pin=89-12
Added Pin To Net: NetName=LED_GW Pin=89-13
Added Pin To Net: NetName=Net34_2 Pin=89-14
Added Pin To Net: NetName=NetBathSh_2 Pin=Fuse-1
Added Pin To Net: NetName=NetBathSh_4 Pin=Fuse-2
Added Pin To Net: NetName=NetBathSh_4 Pin=Sw-1
Added Member To Class: ClassName=MiniToyRobot Member=Component 3 HLK_WifiModule
Added Member To Class: ClassName=MiniToyRobot Member=Component 89 RJ45_B
Added Room: Name=MiniToyRobot
